<?xml version="1.0" encoding="UTF-8"?>
<!-- Generated by org.testng.reporters.JUnitXMLReporter -->
<testsuite ignored="0" hostname="GaneshThanneru" failures="0" tests="8" name="ChromeTest" time="50.344" errors="0" timestamp="2025-02-17T15:29:22 IST">
  <testcase classname="tests.Login_Test" name="login_tests" time="3.536"/>
  <testcase classname="tests.ItemPageTests" name="item_details_visibility_tests" time="4.9"/>
  <testcase classname="tests.Login_Test" name="login_tests" time="1.962"/>
  <testcase classname="tests.Login_Test" name="login_tests" time="1.866"/>
  <testcase classname="tests.ItemPageTests" name="item_details_visibility_tests" time="4.852"/>
  <testcase classname="tests.ItemPageTests" name="item_page_navigation_tests" time="3.73"/>
  <testcase classname="tests.ItemPageTests" name="item_page_navigation_tests" time="5.77"/>
  <testcase classname="tests.ItemPageTests" name="item_page_navigation_tests" time="5.276"/>
</testsuite> <!-- ChromeTest -->
