<?xml version="1.0" encoding="UTF-8"?>
<!-- Generated by org.testng.reporters.JUnitXMLReporter -->
<testsuite ignored="0" hostname="GaneshThanneru" failures="0" tests="8" name="ChromeTest" time="62.99" errors="0" timestamp="2025-02-20T09:17:41 IST">
  <testcase classname="tests.Login_Test" name="login_tests" time="1.358"/>
  <testcase classname="tests.Login_Test" name="login_tests" time="1.36"/>
  <testcase classname="tests.Login_Test" name="login_tests" time="1.276"/>
  <testcase classname="tests.ItemPageTests" name="item_details_visibility_tests" time="5.323"/>
  <testcase classname="tests.ItemPageTests" name="item_details_visibility_tests" time="3.966"/>
  <testcase classname="tests.ItemPageTests" name="item_page_navigation_tests" time="4.402"/>
  <testcase classname="tests.ItemPageTests" name="item_page_navigation_tests" time="3.318"/>
  <testcase classname="tests.ItemPageTests" name="item_page_navigation_tests" time="3.298"/>
</testsuite> <!-- ChromeTest -->
