<?xml version="1.0" encoding="UTF-8"?>
<!-- Generated by org.testng.reporters.JUnitXMLReporter -->
<testsuite ignored="0" hostname="GaneshThanneru" failures="0" tests="5" name="ChromeTest" time="40.459" errors="0" timestamp="2025-02-22T17:05:40 IST">
  <testcase classname="tests.ItemPageTests" name="item_details_visibility_tests" time="4.842"/>
  <testcase classname="tests.ItemPageTests" name="item_details_visibility_tests" time="3.494"/>
  <testcase classname="tests.ItemPageTests" name="item_page_navigation_tests" time="3.214"/>
  <testcase classname="tests.ItemPageTests" name="item_page_navigation_tests" time="4.205"/>
  <testcase classname="tests.ItemPageTests" name="item_page_navigation_tests" time="2.791"/>
</testsuite> <!-- ChromeTest -->
