<?xml version="1.0" encoding="UTF-8"?>
<!-- Generated by org.testng.reporters.JUnitXMLReporter -->
<testsuite ignored="0" hostname="GaneshThanneru" failures="0" tests="3" name="EdgeTest" time="27.712" errors="0" timestamp="2025-02-22T17:05:27 IST">
  <testcase classname="tests.Login_Test" name="login_tests" time="2.127"/>
  <testcase classname="tests.Login_Test" name="login_tests" time="1.493"/>
  <testcase classname="tests.Login_Test" name="login_tests" time="1.611"/>
</testsuite> <!-- EdgeTest -->
