<?xml version="1.0" encoding="UTF-8"?>
<testng-results ignored="0" total="1" passed="1" failed="0" skipped="0">
  <reporter-output>
  </reporter-output>
  <suite started-at="2025-02-26T11:39:27 IST" name="Default suite" finished-at="2025-02-26T11:39:31 IST" duration-ms="4945">
    <groups>
    </groups>
    <test started-at="2025-02-26T11:39:27 IST" name="Default test" finished-at="2025-02-26T11:39:31 IST" duration-ms="4945">
      <class name="tests.Login_Test">
        <test-method is-config="true" signature="setup(java.lang.String)[pri:0, instance:tests.Login_Test@33d512c1]" started-at="2025-02-26T11:39:27 IST" name="setup" finished-at="2025-02-26T11:39:31 IST" duration-ms="4607" status="PASS">
          <params>
            <param index="0">
              <value>
                <![CDATA[chrome]]>
              </value>
            </param>
          </params>
          <reporter-output>
          </reporter-output>
        </test-method> <!-- setup -->
        <test-method signature="login_tests()[pri:0, instance:tests.Login_Test@33d512c1]" started-at="2025-02-26T11:39:31 IST" name="login_tests" finished-at="2025-02-26T11:39:31 IST" duration-ms="15" status="PASS">
          <reporter-output>
          </reporter-output>
        </test-method> <!-- login_tests -->
        <test-method is-config="true" signature="tear_down()[pri:0, instance:tests.Login_Test@33d512c1]" started-at="2025-02-26T11:39:31 IST" name="tear_down" finished-at="2025-02-26T11:39:31 IST" duration-ms="282" status="PASS">
          <reporter-output>
          </reporter-output>
        </test-method> <!-- tear_down -->
      </class> <!-- tests.Login_Test -->
    </test> <!-- Default test -->
  </suite> <!-- Default suite -->
</testng-results>
